<?xml version="1.0" encoding="UTF-8"?>
<testng-results ignored="0" total="7" passed="7" failed="0" skipped="0">
  <reporter-output>
  </reporter-output>
  <suite started-at="2023-02-07T05:25:04 CET" name="Default suite" finished-at="2023-02-07T05:25:36 CET" duration-ms="31482">
    <groups>
    </groups>
    <test started-at="2023-02-07T05:25:04 CET" name="Default test" finished-at="2023-02-07T05:25:36 CET" duration-ms="31482">
      <class name="hopine2e.TestLogin">
        <test-method is-config="true" signature="initializeWebDriver()[pri:0, instance:hopine2e.TestLogin@45ca843]" started-at="2023-02-07T05:25:02 CET" name="initializeWebDriver" finished-at="2023-02-07T05:25:04 CET" duration-ms="2169" status="PASS">
          <reporter-output>
          </reporter-output>
        </test-method> <!-- initializeWebDriver -->
        <test-method signature="shouldOpenErrorForEmptyEmailField()[pri:0, instance:hopine2e.TestLogin@45ca843]" started-at="2023-02-07T05:25:04 CET" name="shouldOpenErrorForEmptyEmailField" finished-at="2023-02-07T05:25:13 CET" duration-ms="8667" status="PASS">
          <reporter-output>
          </reporter-output>
        </test-method> <!-- shouldOpenErrorForEmptyEmailField -->
        <test-method signature="shouldOpenErrorForEmptyPassword()[pri:0, instance:hopine2e.TestLogin@45ca843]" started-at="2023-02-07T05:25:13 CET" name="shouldOpenErrorForEmptyPassword" finished-at="2023-02-07T05:25:20 CET" duration-ms="6507" status="PASS">
          <reporter-output>
          </reporter-output>
        </test-method> <!-- shouldOpenErrorForEmptyPassword -->
        <test-method signature="shouldOpenErrorForInvalidEmailFormat()[pri:0, instance:hopine2e.TestLogin@45ca843]" started-at="2023-02-07T05:25:20 CET" name="shouldOpenErrorForInvalidEmailFormat" finished-at="2023-02-07T05:25:25 CET" duration-ms="5673" status="PASS">
          <reporter-output>
          </reporter-output>
        </test-method> <!-- shouldOpenErrorForInvalidEmailFormat -->
        <test-method signature="shouldOpenSnackBarForBadCredentials()[pri:0, instance:hopine2e.TestLogin@45ca843]" started-at="2023-02-07T05:25:25 CET" name="shouldOpenSnackBarForBadCredentials" finished-at="2023-02-07T05:25:31 CET" duration-ms="6035" status="PASS">
          <reporter-output>
          </reporter-output>
        </test-method> <!-- shouldOpenSnackBarForBadCredentials -->
        <test-method signature="testLoginAdmin()[pri:0, instance:hopine2e.TestLogin@45ca843]" started-at="2023-02-07T05:25:31 CET" name="testLoginAdmin" finished-at="2023-02-07T05:25:33 CET" duration-ms="1304" status="PASS">
          <reporter-output>
          </reporter-output>
        </test-method> <!-- testLoginAdmin -->
        <test-method signature="testLoginDriver()[pri:0, instance:hopine2e.TestLogin@45ca843]" started-at="2023-02-07T05:25:33 CET" name="testLoginDriver" finished-at="2023-02-07T05:25:34 CET" duration-ms="1319" status="PASS">
          <reporter-output>
          </reporter-output>
        </test-method> <!-- testLoginDriver -->
        <test-method signature="testLoginPasseneger()[pri:0, instance:hopine2e.TestLogin@45ca843]" started-at="2023-02-07T05:25:34 CET" name="testLoginPasseneger" finished-at="2023-02-07T05:25:36 CET" duration-ms="1931" status="PASS">
          <reporter-output>
          </reporter-output>
        </test-method> <!-- testLoginPasseneger -->
        <test-method is-config="true" signature="tearDown()[pri:0, instance:hopine2e.TestLogin@45ca843]" started-at="2023-02-07T05:25:36 CET" name="tearDown" finished-at="2023-02-07T05:25:36 CET" duration-ms="205" status="PASS">
          <reporter-output>
          </reporter-output>
        </test-method> <!-- tearDown -->
      </class> <!-- hopine2e.TestLogin -->
    </test> <!-- Default test -->
  </suite> <!-- Default suite -->
</testng-results>
