<?xml version="1.0" encoding="UTF-8"?>
<testng-results ignored="0" total="0" passed="0" failed="0" skipped="0">
  <reporter-output>
  </reporter-output>
  <suite started-at="2023-02-07T03:34:29 CET" name="hopine2e.TestBase" finished-at="2023-02-07T03:34:29 CET" duration-ms="18">
    <groups>
    </groups>
    <test started-at="2023-02-07T03:34:29 CET" name="Command line test" finished-at="2023-02-07T03:34:29 CET" duration-ms="18">
    </test> <!-- Command line test -->
  </suite> <!-- hopine2e.TestBase -->
</testng-results>
