<?xml version="1.0" encoding="UTF-8"?>
<!-- Generated by org.testng.reporters.JUnitXMLReporter -->
<testsuite ignored="0" hostname="DESKTOP-6AKTRL2" failures="0" tests="7" name="Default test" time="31.482" errors="0" timestamp="2023-02-07T05:25:36 CET">
  <testcase classname="hopine2e.TestLogin" name="shouldOpenErrorForEmptyEmailField" time="8.667"/>
  <testcase classname="hopine2e.TestLogin" name="shouldOpenErrorForEmptyPassword" time="6.507"/>
  <testcase classname="hopine2e.TestLogin" name="shouldOpenErrorForInvalidEmailFormat" time="5.673"/>
  <testcase classname="hopine2e.TestLogin" name="shouldOpenSnackBarForBadCredentials" time="6.035"/>
  <testcase classname="hopine2e.TestLogin" name="testLoginAdmin" time="1.304"/>
  <testcase classname="hopine2e.TestLogin" name="testLoginDriver" time="1.319"/>
  <testcase classname="hopine2e.TestLogin" name="testLoginPasseneger" time="1.931"/>
</testsuite> <!-- Default test -->
